#! /c/Source/iverilog-install/bin/vvp
:ivl_version "12.0 (devel)" "(s20150603-1539-g2693dd32b)";
:ivl_delay_selection "TYPICAL";
:vpi_time_precision - 9;
:vpi_module "C:\iverilog\lib\ivl\system.vpi";
:vpi_module "C:\iverilog\lib\ivl\vhdl_sys.vpi";
:vpi_module "C:\iverilog\lib\ivl\vhdl_textio.vpi";
:vpi_module "C:\iverilog\lib\ivl\v2005_math.vpi";
:vpi_module "C:\iverilog\lib\ivl\va_math.vpi";
S_000001e5a8bcd780 .scope module, "sum1b" "sum1b" 2 1;
 .timescale 0 0;
    .port_info 0 /INPUT 1 "A";
    .port_info 1 /INPUT 1 "B";
    .port_info 2 /INPUT 1 "Ci";
    .port_info 3 /OUTPUT 1 "Cout";
    .port_info 4 /OUTPUT 1 "S";
o000001e5a8d9cfd8 .functor BUFZ 1, C4<z>; HiZ drive
v000001e5a8bcdaa0_0 .net "A", 0 0, o000001e5a8d9cfd8;  0 drivers
o000001e5a8d9d008 .functor BUFZ 1, C4<z>; HiZ drive
v000001e5a8bcdb40_0 .net "B", 0 0, o000001e5a8d9d008;  0 drivers
o000001e5a8d9d038 .functor BUFZ 1, C4<z>; HiZ drive
v000001e5a8bc6700_0 .net "Ci", 0 0, o000001e5a8d9d038;  0 drivers
v000001e5a8bc67a0_0 .net "Cout", 0 0, L_000001e5a8d91920;  1 drivers
v000001e5a8bc6840_0 .net "S", 0 0, L_000001e5a8d91060;  1 drivers
v000001e5a8bc68e0_0 .var "result", 1 0;
E_000001e5a8bca1e0 .event anyedge, v000001e5a8bcdaa0_0, v000001e5a8bcdb40_0, v000001e5a8bc6700_0;
L_000001e5a8d91060 .part v000001e5a8bc68e0_0, 0, 1;
L_000001e5a8d91920 .part v000001e5a8bc68e0_0, 1, 1;
S_000001e5a8bcd910 .scope module, "sum1b_tb" "sum1b_tb" 3 5;
 .timescale -9 -9;
v000001e5a8d912e0_0 .var "A_tb", 0 0;
v000001e5a8d91740_0 .var "B_tb", 0 0;
v000001e5a8d917e0_0 .var "Ci_tb", 0 0;
v000001e5a8d90b60_0 .net "Cout_tb", 0 0, L_000001e5a8d9c1a0;  1 drivers
v000001e5a8d90fc0_0 .net "S_tb", 0 0, L_000001e5a8d9c440;  1 drivers
S_000001e5a8bc6980 .scope begin, "TEST_CASE" "TEST_CASE" 3 34, 3 34 0, S_000001e5a8bcd910;
 .timescale -9 -9;
S_000001e5a8de5840 .scope module, "uut" "sum1b_primitive" 3 14, 4 1 0, S_000001e5a8bcd910;
 .timescale 0 0;
    .port_info 0 /INPUT 1 "A";
    .port_info 1 /INPUT 1 "B";
    .port_info 2 /INPUT 1 "Ci";
    .port_info 3 /OUTPUT 1 "Cout";
    .port_info 4 /OUTPUT 1 "S";
L_000001e5a8d9c830 .functor AND 1, v000001e5a8d912e0_0, v000001e5a8d91740_0, C4<1>, C4<1>;
L_000001e5a8d9c210 .functor XOR 1, v000001e5a8d912e0_0, v000001e5a8d91740_0, C4<0>, C4<0>;
L_000001e5a8d9c440 .functor XOR 1, L_000001e5a8d9c210, v000001e5a8d917e0_0, C4<0>, C4<0>;
L_000001e5a8d9c6e0 .functor AND 1, L_000001e5a8d9c210, v000001e5a8d917e0_0, C4<1>, C4<1>;
L_000001e5a8d9c1a0 .functor OR 1, L_000001e5a8d9c6e0, L_000001e5a8d9c830, C4<0>, C4<0>;
v000001e5a8de59d0_0 .net "A", 0 0, v000001e5a8d912e0_0;  1 drivers
v000001e5a8de5a70_0 .net "B", 0 0, v000001e5a8d91740_0;  1 drivers
v000001e5a8de5b10_0 .net "Ci", 0 0, v000001e5a8d917e0_0;  1 drivers
v000001e5a8d90c00_0 .net "Cout", 0 0, L_000001e5a8d9c1a0;  alias, 1 drivers
v000001e5a8d90d40_0 .net "S", 0 0, L_000001e5a8d9c440;  alias, 1 drivers
v000001e5a8d90de0_0 .net "a_ab", 0 0, L_000001e5a8d9c830;  1 drivers
v000001e5a8d90e80_0 .net "cout_t", 0 0, L_000001e5a8d9c6e0;  1 drivers
v000001e5a8d90f20_0 .net "x_ab", 0 0, L_000001e5a8d9c210;  1 drivers
    .scope S_000001e5a8bcd780;
T_0 ;
    %wait E_000001e5a8bca1e0;
    %load/vec4 v000001e5a8bcdaa0_0;
    %pad/u 2;
    %load/vec4 v000001e5a8bcdb40_0;
    %pad/u 2;
    %add;
    %load/vec4 v000001e5a8bc6700_0;
    %pad/u 2;
    %add;
    %store/vec4 v000001e5a8bc68e0_0, 0, 2;
    %jmp T_0;
    .thread T_0, $push;
    .scope S_000001e5a8bcd910;
T_1 ;
    %pushi/vec4 0, 0, 1;
    %store/vec4 v000001e5a8d912e0_0, 0, 1;
    %pushi/vec4 0, 0, 1;
    %store/vec4 v000001e5a8d91740_0, 0, 1;
    %pushi/vec4 0, 0, 1;
    %store/vec4 v000001e5a8d917e0_0, 0, 1;
    %delay 20, 0;
    %pushi/vec4 0, 0, 1;
    %store/vec4 v000001e5a8d912e0_0, 0, 1;
    %pushi/vec4 0, 0, 1;
    %store/vec4 v000001e5a8d91740_0, 0, 1;
    %pushi/vec4 1, 0, 1;
    %store/vec4 v000001e5a8d917e0_0, 0, 1;
    %delay 20, 0;
    %pushi/vec4 0, 0, 1;
    %store/vec4 v000001e5a8d912e0_0, 0, 1;
    %pushi/vec4 1, 0, 1;
    %store/vec4 v000001e5a8d91740_0, 0, 1;
    %pushi/vec4 0, 0, 1;
    %store/vec4 v000001e5a8d917e0_0, 0, 1;
    %delay 20, 0;
    %pushi/vec4 0, 0, 1;
    %store/vec4 v000001e5a8d912e0_0, 0, 1;
    %pushi/vec4 1, 0, 1;
    %store/vec4 v000001e5a8d91740_0, 0, 1;
    %pushi/vec4 1, 0, 1;
    %store/vec4 v000001e5a8d917e0_0, 0, 1;
    %delay 20, 0;
    %pushi/vec4 1, 0, 1;
    %store/vec4 v000001e5a8d912e0_0, 0, 1;
    %pushi/vec4 0, 0, 1;
    %store/vec4 v000001e5a8d91740_0, 0, 1;
    %pushi/vec4 0, 0, 1;
    %store/vec4 v000001e5a8d917e0_0, 0, 1;
    %delay 20, 0;
    %pushi/vec4 1, 0, 1;
    %store/vec4 v000001e5a8d912e0_0, 0, 1;
    %pushi/vec4 0, 0, 1;
    %store/vec4 v000001e5a8d91740_0, 0, 1;
    %pushi/vec4 1, 0, 1;
    %store/vec4 v000001e5a8d917e0_0, 0, 1;
    %delay 20, 0;
    %pushi/vec4 1, 0, 1;
    %store/vec4 v000001e5a8d912e0_0, 0, 1;
    %pushi/vec4 1, 0, 1;
    %store/vec4 v000001e5a8d91740_0, 0, 1;
    %pushi/vec4 0, 0, 1;
    %store/vec4 v000001e5a8d917e0_0, 0, 1;
    %delay 20, 0;
    %pushi/vec4 1, 0, 1;
    %store/vec4 v000001e5a8d912e0_0, 0, 1;
    %pushi/vec4 1, 0, 1;
    %store/vec4 v000001e5a8d91740_0, 0, 1;
    %pushi/vec4 1, 0, 1;
    %store/vec4 v000001e5a8d917e0_0, 0, 1;
    %delay 20, 0;
    %end;
    .thread T_1;
    .scope S_000001e5a8bcd910;
T_2 ;
    %fork t_1, S_000001e5a8bc6980;
    %jmp t_0;
    .scope S_000001e5a8bc6980;
t_1 ;
    %vpi_call 3 35 "$dumpfile", "sum1b_tb.vcd" {0 0 0};
    %vpi_call 3 36 "$dumpvars", 32'sb11111111111111111111111111111111, S_000001e5a8de5840 {0 0 0};
    %delay 200, 0;
    %vpi_call 3 37 "$finish" {0 0 0};
    %end;
    .scope S_000001e5a8bcd910;
t_0 %join;
    %end;
    .thread T_2;
# The file index is used to find the file name in the following table.
:file_names 5;
    "N/A";
    "<interactive>";
    "./sum1b.v";
    "sum1b_tb.v";
    "./sum1b_primitive.v";
